<?xml version="1.0" encoding="UTF-8"?>
<testng-results ignored="0" total="6" passed="6" failed="0" skipped="0">
  <reporter-output>
  </reporter-output>
  <suite started-at="2023-04-16T19:10:56 YEKT" name="api.ReqresTest" finished-at="2023-04-16T19:10:58 YEKT" duration-ms="2399">
    <groups>
    </groups>
    <test started-at="2023-04-16T19:10:56 YEKT" name="Command line test" finished-at="2023-04-16T19:10:58 YEKT" duration-ms="2399">
      <class name="api.ReqresTest">
        <test-method signature="checkAvatarAndIdTest()[pri:0, instance:api.ReqresTest@f5958c9]" started-at="2023-04-16T19:10:56 YEKT" name="checkAvatarAndIdTest" finished-at="2023-04-16T19:10:57 YEKT" duration-ms="1127" status="PASS">
          <reporter-output>
          </reporter-output>
        </test-method> <!-- checkAvatarAndIdTest -->
        <test-method signature="deleteUserTest()[pri:0, instance:api.ReqresTest@f5958c9]" started-at="2023-04-16T19:10:57 YEKT" name="deleteUserTest" finished-at="2023-04-16T19:10:57 YEKT" duration-ms="261" status="PASS">
          <reporter-output>
          </reporter-output>
        </test-method> <!-- deleteUserTest -->
        <test-method signature="sortedYearsTest()[pri:0, instance:api.ReqresTest@f5958c9]" started-at="2023-04-16T19:10:57 YEKT" name="sortedYearsTest" finished-at="2023-04-16T19:10:57 YEKT" duration-ms="202" status="PASS">
          <reporter-output>
          </reporter-output>
        </test-method> <!-- sortedYearsTest -->
        <test-method signature="successRegTest()[pri:0, instance:api.ReqresTest@f5958c9]" started-at="2023-04-16T19:10:57 YEKT" name="successRegTest" finished-at="2023-04-16T19:10:58 YEKT" duration-ms="267" status="PASS">
          <reporter-output>
          </reporter-output>
        </test-method> <!-- successRegTest -->
        <test-method signature="timeTest()[pri:0, instance:api.ReqresTest@f5958c9]" started-at="2023-04-16T19:10:58 YEKT" name="timeTest" finished-at="2023-04-16T19:10:58 YEKT" duration-ms="263" status="PASS">
          <reporter-output>
          </reporter-output>
        </test-method> <!-- timeTest -->
        <test-method signature="unSuccessRegTest()[pri:0, instance:api.ReqresTest@f5958c9]" started-at="2023-04-16T19:10:58 YEKT" name="unSuccessRegTest" finished-at="2023-04-16T19:10:58 YEKT" duration-ms="256" status="PASS">
          <reporter-output>
          </reporter-output>
        </test-method> <!-- unSuccessRegTest -->
      </class> <!-- api.ReqresTest -->
    </test> <!-- Command line test -->
  </suite> <!-- api.ReqresTest -->
</testng-results>
