<?xml version="1.0" encoding="UTF-8"?>
<!-- Generated by org.testng.reporters.JUnitXMLReporter -->
<testsuite ignored="0" hostname="MacBook-Pro-German.local" failures="0" tests="6" name="Command line test" time="2.399" errors="0" timestamp="2023-04-16T19:10:58 YEKT">
  <testcase classname="api.ReqresTest" name="checkAvatarAndIdTest" time="1.127"/>
  <testcase classname="api.ReqresTest" name="deleteUserTest" time="0.261"/>
  <testcase classname="api.ReqresTest" name="sortedYearsTest" time="0.202"/>
  <testcase classname="api.ReqresTest" name="successRegTest" time="0.267"/>
  <testcase classname="api.ReqresTest" name="timeTest" time="0.263"/>
  <testcase classname="api.ReqresTest" name="unSuccessRegTest" time="0.256"/>
</testsuite> <!-- Command line test -->
